<?xml version="1.0" encoding="utf-8"?>
<?AutomationStudio Version="4.7.2.98"?>
<Objects>
  <Object
    Path="C:\projects\PLCSolution2\Logical\Package.pkg"
    LogicalPath=""
    Type="Package.ParentUnknown"
    LastWriteTime="132329706458087780" />
  <Object
    Path="C:\projects\PLCSolution2\Logical\Global.typ"
    LogicalPath="Global.typ"
    Type="File"
    LastWriteTime="132329706270531390"
    Private="false" />
  <Object
    Path="C:\projects\PLCSolution2\Logical\Global.var"
    LogicalPath="Global.var"
    Type="File"
    LastWriteTime="132329706270641101"
    Private="false" />
  <Object
    Path="C:\projects\PLCSolution2\Logical\Libraries\Package.pkg"
    LogicalPath="Libraries"
    Type="Package"
    LastWriteTime="132329707313032616" />
  <Object
    Path="C:\projects\PLCSolution2\Logical\Libraries\operator\binary.lby"
    LogicalPath="Libraries.operator"
    Type="Library"
    LastWriteTime="132329706279384178" />
  <Object
    Path="C:\projects\PLCSolution2\Logical\Libraries\operator\operator.fun"
    LogicalPath="Libraries.operator.operator.fun"
    Type="File"
    LastWriteTime="132329706279344299"
    Private="false" />
  <Object
    Path="C:\projects\PLCSolution2\Logical\Libraries\operator\operator.typ"
    LogicalPath="Libraries.operator.operator.typ"
    Type="File"
    LastWriteTime="132329706279374216"
    Private="false" />
  <Object
    Path="C:\projects\PLCSolution2\Logical\Libraries\operator\operator.var"
    LogicalPath="Libraries.operator.operator.var"
    Type="File"
    LastWriteTime="132329706279384178"
    Private="false" />
  <Object
    Path="C:\projects\PLCSolution2\Logical\Libraries\runtime\binary.lby"
    LogicalPath="Libraries.runtime"
    Type="Library"
    LastWriteTime="132329706282208565" />
  <Object
    Path="C:\projects\PLCSolution2\Logical\Libraries\runtime\runtime.fun"
    LogicalPath="Libraries.runtime.runtime.fun"
    Type="File"
    LastWriteTime="132329706282168673"
    Private="false" />
  <Object
    Path="C:\projects\PLCSolution2\Logical\Libraries\runtime\runtime.typ"
    LogicalPath="Libraries.runtime.runtime.typ"
    Type="File"
    LastWriteTime="132329706282188630"
    Private="false" />
  <Object
    Path="C:\projects\PLCSolution2\Logical\Libraries\runtime\runtime.var"
    LogicalPath="Libraries.runtime.runtime.var"
    Type="File"
    LastWriteTime="132329706282198596"
    Private="false" />
  <Object
    Path="C:\projects\PLCSolution2\Logical\Libraries\astime\binary.lby"
    LogicalPath="Libraries.astime"
    Type="Library"
    LastWriteTime="132329706285140726" />
  <Object
    Path="C:\projects\PLCSolution2\Logical\Libraries\astime\astime.fun"
    LogicalPath="Libraries.astime.astime.fun"
    Type="File"
    LastWriteTime="132329706285111085"
    Private="false" />
  <Object
    Path="C:\projects\PLCSolution2\Logical\Libraries\astime\astime.typ"
    LogicalPath="Libraries.astime.astime.typ"
    Type="File"
    LastWriteTime="132329706285130755"
    Private="false" />
  <Object
    Path="C:\projects\PLCSolution2\Logical\Libraries\astime\astime.var"
    LogicalPath="Libraries.astime.astime.var"
    Type="File"
    LastWriteTime="132329706285140726"
    Private="false" />
  <Object
    Path="C:\projects\PLCSolution2\Logical\Libraries\AsIecCon\binary.lby"
    LogicalPath="Libraries.AsIecCon"
    Type="Library"
    LastWriteTime="132329706287931295" />
  <Object
    Path="C:\projects\PLCSolution2\Logical\Libraries\AsIecCon\AsIecCon.fun"
    LogicalPath="Libraries.AsIecCon.AsIecCon.fun"
    Type="File"
    LastWriteTime="132329706287901396"
    Private="false" />
  <Object
    Path="C:\projects\PLCSolution2\Logical\Libraries\AsIecCon\AsIecCon.typ"
    LogicalPath="Libraries.AsIecCon.AsIecCon.typ"
    Type="File"
    LastWriteTime="132329706287911340"
    Private="false" />
  <Object
    Path="C:\projects\PLCSolution2\Logical\Libraries\AsIecCon\AsIecCon.var"
    LogicalPath="Libraries.AsIecCon.AsIecCon.var"
    Type="File"
    LastWriteTime="132329706287921322"
    Private="false" />
  <Object
    Path="C:\projects\PLCSolution2\Logical\Libraries\standard\binary.lby"
    LogicalPath="Libraries.standard"
    Type="Library"
    LastWriteTime="132329707312902637" />
  <Object
    Path="C:\projects\PLCSolution2\Logical\Libraries\standard\standard.fun"
    LogicalPath="Libraries.standard.standard.fun"
    Type="File"
    LastWriteTime="132329707312872725"
    Private="false" />
  <Object
    Path="C:\projects\PLCSolution2\Logical\Libraries\standard\standard.typ"
    LogicalPath="Libraries.standard.standard.typ"
    Type="File"
    LastWriteTime="132329707312882722"
    Private="false" />
  <Object
    Path="C:\projects\PLCSolution2\Logical\Libraries\standard\standard.var"
    LogicalPath="Libraries.standard.standard.var"
    Type="File"
    LastWriteTime="132329707312892657"
    Private="false" />
  <Object
    Path="C:\projects\PLCSolution2\Logical\Program\IEC.prg"
    LogicalPath="Program"
    Type="Program"
    LastWriteTime="132329706495620167" />
  <Object
    Path="C:\projects\PLCSolution2\Logical\Program\Main.st"
    LogicalPath="Program.Main.st"
    Type="File"
    LastWriteTime="132333287712412778"
    Private="false" />
  <Object
    Path="C:\projects\PLCSolution2\Logical\Program\Types.typ"
    LogicalPath="Program.Types.typ"
    Type="File"
    LastWriteTime="132333282749249827"
    Private="true" />
  <Object
    Path="C:\projects\PLCSolution2\Logical\Program\Variables.var"
    LogicalPath="Program.Variables.var"
    Type="File"
    LastWriteTime="132333280036433757"
    Private="true" />
  <Object
    Path="C:\projects\PLCSolution2\Physical\Config1\Config.pkg"
    LogicalPath="Config1"
    Type="Configuration.ParentUnknown"
    LastWriteTime="132329706309216783" />
  <Object
    Path="C:\projects\PLCSolution2\Physical\Config1\Hardware.hw"
    LogicalPath="Config1.Hardware.hw"
    Type="File"
    LastWriteTime="132331788640379304"
    Private="false" />
  <Object
    Path="C:\projects\PLCSolution2\Physical\Config1\Hardware.hwl"
    LogicalPath="Config1.Hardware.hwl"
    Type="File"
    LastWriteTime="132331790340974040"
    Private="false" />
  <Object
    Path="C:\projects\PLCSolution2\Physical\Config1\X20CP1586\Cpu.pkg"
    LogicalPath="Config1.X20CP1586"
    Type="Cpu"
    LastWriteTime="132329706291043222" />
  <Object
    Path="C:\projects\PLCSolution2\Physical\Config1\X20CP1586\Cpu.sw"
    LogicalPath="Config1.X20CP1586.Cpu.sw"
    Type="File"
    LastWriteTime="132329707313361410"
    Private="false" />
  <Object
    Path="C:\projects\PLCSolution2\Physical\Config1\X20CP1586\Cpu.per"
    LogicalPath="Config1.X20CP1586.Cpu.per"
    Type="File"
    LastWriteTime="132329706290016035"
    Private="false" />
  <Object
    Path="C:\projects\PLCSolution2\Physical\Config1\X20CP1586\IoMap.iom"
    LogicalPath="Config1.X20CP1586.IoMap.iom"
    Type="File"
    LastWriteTime="132329706290045632"
    Private="false" />
  <Object
    Path="C:\projects\PLCSolution2\Physical\Config1\X20CP1586\PvMap.vvm"
    LogicalPath="Config1.X20CP1586.PvMap.vvm"
    Type="File"
    LastWriteTime="132329706290075686"
    Private="false" />
  <Object
    Path="C:\projects\PLCSolution2\Physical\Config1\X20CP1586\Connectivity\Package.pkg"
    LogicalPath="Config1.X20CP1586.Connectivity"
    Type="Package"
    LastWriteTime="132329706290285243" />
  <Object
    Path="C:\projects\PLCSolution2\Physical\Config1\X20CP1586\Connectivity\OpcUA\Package.pkg"
    LogicalPath="Config1.X20CP1586.Connectivity.OpcUA"
    Type="Package"
    LastWriteTime="132329706290275018" />
  <Object
    Path="C:\projects\PLCSolution2\Physical\Config1\X20CP1586\TextSystem\Package.pkg"
    LogicalPath="Config1.X20CP1586.TextSystem"
    Type="Package"
    LastWriteTime="132329706290334859" />
  <Object
    Path="C:\projects\PLCSolution2\Physical\Config1\X20CP1586\UnitSystem\Package.pkg"
    LogicalPath="Config1.X20CP1586.UnitSystem"
    Type="Package"
    LastWriteTime="132329706290374762" />
  <Object
    Path="C:\projects\PLCSolution2\Physical\Config1\X20CP1586\AccessAndSecurity\Package.pkg"
    LogicalPath="Config1.X20CP1586.AccessAndSecurity"
    Type="Package"
    LastWriteTime="132329706290793636" />
  <Object
    Path="C:\projects\PLCSolution2\Physical\Config1\X20CP1586\AccessAndSecurity\UserRoleSystem\Package.pkg"
    LogicalPath="Config1.X20CP1586.AccessAndSecurity.UserRoleSystem"
    Type="Package"
    LastWriteTime="132329706290484462" />
  <Object
    Path="C:\projects\PLCSolution2\Physical\Config1\X20CP1586\AccessAndSecurity\UserRoleSystem\Role.role"
    LogicalPath="Config1.X20CP1586.AccessAndSecurity.UserRoleSystem.Role.role"
    Type="File"
    LastWriteTime="132329706290464522"
    Private="false" />
  <Object
    Path="C:\projects\PLCSolution2\Physical\Config1\X20CP1586\AccessAndSecurity\UserRoleSystem\User.user"
    LogicalPath="Config1.X20CP1586.AccessAndSecurity.UserRoleSystem.User.user"
    Type="File"
    LastWriteTime="132329706290484462"
    Private="false" />
  <Object
    Path="C:\projects\PLCSolution2\Physical\Config1\X20CP1586\AccessAndSecurity\CertificateStore\Package.pkg"
    LogicalPath="Config1.X20CP1586.AccessAndSecurity.CertificateStore"
    Type="Package"
    LastWriteTime="132329706290703884" />
  <Object
    Path="C:\projects\PLCSolution2\Physical\Config1\X20CP1586\AccessAndSecurity\CertificateStore\OwnCertificates\Package.pkg"
    LogicalPath="Config1.X20CP1586.AccessAndSecurity.CertificateStore.OwnCertificates"
    Type="Package"
    LastWriteTime="132329706290584200" />
  <Object
    Path="C:\projects\PLCSolution2\Physical\Config1\X20CP1586\AccessAndSecurity\CertificateStore\OwnCertificates\Certificates\Package.pkg"
    LogicalPath="Config1.X20CP1586.AccessAndSecurity.CertificateStore.OwnCertificates.Certificates"
    Type="Package"
    LastWriteTime="132329706290554290" />
  <Object
    Path="C:\projects\PLCSolution2\Physical\Config1\X20CP1586\AccessAndSecurity\CertificateStore\OwnCertificates\PrivateKeys\Package.pkg"
    LogicalPath="Config1.X20CP1586.AccessAndSecurity.CertificateStore.OwnCertificates.PrivateKeys"
    Type="Package"
    LastWriteTime="132329706290574226" />
  <Object
    Path="C:\projects\PLCSolution2\Physical\Config1\X20CP1586\AccessAndSecurity\CertificateStore\ThirdPartyCertificates\Package.pkg"
    LogicalPath="Config1.X20CP1586.AccessAndSecurity.CertificateStore.ThirdPartyCertificates"
    Type="Package"
    LastWriteTime="132329706290644179" />
  <Object
    Path="C:\projects\PLCSolution2\Physical\Config1\X20CP1586\AccessAndSecurity\CertificateStore\ThirdPartyCertificates\SoftwareCertificates\Package.pkg"
    LogicalPath="Config1.X20CP1586.AccessAndSecurity.CertificateStore.ThirdPartyCertificates.SoftwareCertificates"
    Type="Package"
    LastWriteTime="132329706290634061" />
  <Object
    Path="C:\projects\PLCSolution2\Physical\Config1\X20CP1586\AccessAndSecurity\CertificateStore\CertificateRevocationLists\Package.pkg"
    LogicalPath="Config1.X20CP1586.AccessAndSecurity.CertificateStore.CertificateRevocationLists"
    Type="Package"
    LastWriteTime="132329706290673956" />
  <Object
    Path="C:\projects\PLCSolution2\Physical\Config1\X20CP1586\AccessAndSecurity\CertificateStore\CertificateSigningRequests\Package.pkg"
    LogicalPath="Config1.X20CP1586.AccessAndSecurity.CertificateStore.CertificateSigningRequests"
    Type="Package"
    LastWriteTime="132329706290693907" />
  <Object
    Path="C:\projects\PLCSolution2\Physical\Config1\X20CP1586\AccessAndSecurity\TransportLayerSecurity\Package.pkg"
    LogicalPath="Config1.X20CP1586.AccessAndSecurity.TransportLayerSecurity"
    Type="Package"
    LastWriteTime="132329706290733793" />
  <Object
    Path="C:\projects\PLCSolution2\Physical\Config1\X20CP1586\AccessAndSecurity\Firewall\Package.pkg"
    LogicalPath="Config1.X20CP1586.AccessAndSecurity.Firewall"
    Type="Package"
    LastWriteTime="132329706290783664" />
  <Object
    Path="C:\projects\PLCSolution2\Physical\Config1\X20CP1586\AccessAndSecurity\Firewall\Rules.firewallRules"
    LogicalPath="Config1.X20CP1586.AccessAndSecurity.Firewall.Rules.firewallRules"
    Type="File"
    LastWriteTime="132329706290783664"
    Private="false" />
  <Object
    Path="C:\projects\PLCSolution2\Physical\Config1\X20CP1586\mappControl\Package.pkg"
    LogicalPath="Config1.X20CP1586.mappControl"
    Type="Package"
    LastWriteTime="132329706290843507" />
  <Object
    Path="C:\projects\PLCSolution2\Physical\Config1\X20CP1586\mappMotion\Package.pkg"
    LogicalPath="Config1.X20CP1586.mappMotion"
    Type="Package"
    LastWriteTime="132329706290883635" />
  <Object
    Path="C:\projects\PLCSolution2\Physical\Config1\X20CP1586\mappServices\Package.pkg"
    LogicalPath="Config1.X20CP1586.mappServices"
    Type="Package"
    LastWriteTime="132329706290933690" />
  <Object
    Path="C:\projects\PLCSolution2\Physical\Config1\X20CP1586\mappView\Package.pkg"
    LogicalPath="Config1.X20CP1586.mappView"
    Type="Package"
    LastWriteTime="132329706290993102" />
  <Object
    Path="C:\projects\PLCSolution2\Physical\Config1\X20CP1586\mappCockpit\Package.pkg"
    LogicalPath="Config1.X20CP1586.mappCockpit"
    Type="Package"
    LastWriteTime="132329706291032995" />
  <Object
    Path="C:\projects\PLCSolution2\Physical\Config1\Hardware.jpg"
    LogicalPath="Config1.Hardware.jpg"
    Type="File"
    LastWriteTime="132331790341043851"
    Private="false" />
</Objects>